  maze.cpp
c:\users\tolmans\desktop\cs 235\maze\maze\set.h(23): warning C4290: C++ exception specification ignored except to indicate a function is not __declspec(nothrow)
  c:\users\tolmans\desktop\cs 235\maze\maze\set.h(75): note: see reference to class template instantiation 'set<T>' being compiled
c:\users\tolmans\desktop\cs 235\maze\maze\set.h(24): warning C4290: C++ exception specification ignored except to indicate a function is not __declspec(nothrow)
c:\users\tolmans\desktop\cs 235\maze\maze\set.h(26): warning C4290: C++ exception specification ignored except to indicate a function is not __declspec(nothrow)
c:\users\tolmans\desktop\cs 235\maze\maze\set.h(27): warning C4290: C++ exception specification ignored except to indicate a function is not __declspec(nothrow)
c:\users\tolmans\desktop\cs 235\maze\maze\set.h(28): warning C4290: C++ exception specification ignored except to indicate a function is not __declspec(nothrow)
c:\users\tolmans\desktop\cs 235\maze\maze\set.h(42): warning C4290: C++ exception specification ignored except to indicate a function is not __declspec(nothrow)
c:\users\tolmans\desktop\cs 235\maze\maze\set.h(72): warning C4290: C++ exception specification ignored except to indicate a function is not __declspec(nothrow)
c:\users\tolmans\desktop\cs 235\maze\maze\set.h(253): warning C4290: C++ exception specification ignored except to indicate a function is not __declspec(nothrow)
c:\users\tolmans\desktop\cs 235\maze\maze\set.h(285): warning C4290: C++ exception specification ignored except to indicate a function is not __declspec(nothrow)
c:\users\tolmans\desktop\cs 235\maze\maze\set.h(321): warning C4290: C++ exception specification ignored except to indicate a function is not __declspec(nothrow)
c:\users\tolmans\desktop\cs 235\maze\maze\set.h(360): warning C4290: C++ exception specification ignored except to indicate a function is not __declspec(nothrow)
c:\users\tolmans\desktop\cs 235\maze\maze\set.h(377): warning C4290: C++ exception specification ignored except to indicate a function is not __declspec(nothrow)
c:\users\tolmans\desktop\cs 235\maze\maze\set.h(397): warning C4290: C++ exception specification ignored except to indicate a function is not __declspec(nothrow)
c:\users\tolmans\desktop\cs 235\maze\maze\set.h(429): warning C4290: C++ exception specification ignored except to indicate a function is not __declspec(nothrow)
c:\users\tolmans\desktop\cs 235\maze\maze\list.h(68): warning C4290: C++ exception specification ignored except to indicate a function is not __declspec(nothrow)
  c:\users\tolmans\desktop\cs 235\maze\maze\list.h(106): note: see reference to class template instantiation 'List<T>' being compiled
c:\users\tolmans\desktop\cs 235\maze\maze\list.h(71): warning C4290: C++ exception specification ignored except to indicate a function is not __declspec(nothrow)
c:\users\tolmans\desktop\cs 235\maze\maze\list.h(79): warning C4290: C++ exception specification ignored except to indicate a function is not __declspec(nothrow)
c:\users\tolmans\desktop\cs 235\maze\maze\list.h(80): warning C4290: C++ exception specification ignored except to indicate a function is not __declspec(nothrow)
c:\users\tolmans\desktop\cs 235\maze\maze\list.h(81): warning C4290: C++ exception specification ignored except to indicate a function is not __declspec(nothrow)
c:\users\tolmans\desktop\cs 235\maze\maze\list.h(82): warning C4290: C++ exception specification ignored except to indicate a function is not __declspec(nothrow)
c:\users\tolmans\desktop\cs 235\maze\maze\list.h(84): warning C4290: C++ exception specification ignored except to indicate a function is not __declspec(nothrow)
c:\users\tolmans\desktop\cs 235\maze\maze\list.h(86): warning C4290: C++ exception specification ignored except to indicate a function is not __declspec(nothrow)
c:\users\tolmans\desktop\cs 235\maze\maze\list.h(168): warning C4290: C++ exception specification ignored except to indicate a function is not __declspec(nothrow)
  c:\users\tolmans\desktop\cs 235\maze\maze\list.h(231): note: see reference to class template instantiation 'ListIterator<T>' being compiled
c:\users\tolmans\desktop\cs 235\maze\maze\list.h(225): warning C4290: C++ exception specification ignored except to indicate a function is not __declspec(nothrow)
c:\users\tolmans\desktop\cs 235\maze\maze\list.h(227): warning C4290: C++ exception specification ignored except to indicate a function is not __declspec(nothrow)
c:\users\tolmans\desktop\cs 235\maze\maze\list.h(319): warning C4290: C++ exception specification ignored except to indicate a function is not __declspec(nothrow)
c:\users\tolmans\desktop\cs 235\maze\maze\list.h(361): warning C4290: C++ exception specification ignored except to indicate a function is not __declspec(nothrow)
c:\users\tolmans\desktop\cs 235\maze\maze\list.h(395): warning C4290: C++ exception specification ignored except to indicate a function is not __declspec(nothrow)
c:\users\tolmans\desktop\cs 235\maze\maze\list.h(429): warning C4290: C++ exception specification ignored except to indicate a function is not __declspec(nothrow)
c:\users\tolmans\desktop\cs 235\maze\maze\list.h(445): warning C4290: C++ exception specification ignored except to indicate a function is not __declspec(nothrow)
c:\users\tolmans\desktop\cs 235\maze\maze\list.h(461): warning C4290: C++ exception specification ignored except to indicate a function is not __declspec(nothrow)
c:\users\tolmans\desktop\cs 235\maze\maze\list.h(501): warning C4290: C++ exception specification ignored except to indicate a function is not __declspec(nothrow)
c:\users\tolmans\desktop\cs 235\maze\maze\vector.h(37): warning C4290: C++ exception specification ignored except to indicate a function is not __declspec(nothrow)
  c:\users\tolmans\desktop\cs 235\maze\maze\vector.h(129): note: see reference to class template instantiation 'Vector<T>' being compiled
c:\users\tolmans\desktop\cs 235\maze\maze\vector.h(44): warning C4290: C++ exception specification ignored except to indicate a function is not __declspec(nothrow)
c:\users\tolmans\desktop\cs 235\maze\maze\vector.h(52): warning C4290: C++ exception specification ignored except to indicate a function is not __declspec(nothrow)
c:\users\tolmans\desktop\cs 235\maze\maze\vector.h(67): warning C4290: C++ exception specification ignored except to indicate a function is not __declspec(nothrow)
c:\users\tolmans\desktop\cs 235\maze\maze\vector.h(70): warning C4290: C++ exception specification ignored except to indicate a function is not __declspec(nothrow)
c:\users\tolmans\desktop\cs 235\maze\maze\vector.h(79): warning C4290: C++ exception specification ignored except to indicate a function is not __declspec(nothrow)
c:\users\tolmans\desktop\cs 235\maze\maze\vector.h(88): warning C4290: C++ exception specification ignored except to indicate a function is not __declspec(nothrow)
c:\users\tolmans\desktop\cs 235\maze\maze\vector.h(97): warning C4290: C++ exception specification ignored except to indicate a function is not __declspec(nothrow)
c:\users\tolmans\desktop\cs 235\maze\maze\vector.h(128): warning C4290: C++ exception specification ignored except to indicate a function is not __declspec(nothrow)
c:\users\tolmans\desktop\cs 235\maze\maze\vector.h(306): warning C4290: C++ exception specification ignored except to indicate a function is not __declspec(nothrow)
c:\users\tolmans\desktop\cs 235\maze\maze\vector.h(344): warning C4290: C++ exception specification ignored except to indicate a function is not __declspec(nothrow)
c:\users\tolmans\desktop\cs 235\maze\maze\vector.h(369): warning C4290: C++ exception specification ignored except to indicate a function is not __declspec(nothrow)
c:\users\tolmans\desktop\cs 235\maze\maze\queue.h(48): warning C4290: C++ exception specification ignored except to indicate a function is not __declspec(nothrow)
  c:\users\tolmans\desktop\cs 235\maze\maze\queue.h(67): note: see reference to class template instantiation 'custom::queue<T>' being compiled
c:\users\tolmans\desktop\cs 235\maze\maze\queue.h(50): warning C4290: C++ exception specification ignored except to indicate a function is not __declspec(nothrow)
c:\users\tolmans\desktop\cs 235\maze\maze\queue.h(51): warning C4290: C++ exception specification ignored except to indicate a function is not __declspec(nothrow)
c:\users\tolmans\desktop\cs 235\maze\maze\queue.h(52): warning C4290: C++ exception specification ignored except to indicate a function is not __declspec(nothrow)
c:\users\tolmans\desktop\cs 235\maze\maze\queue.h(53): warning C4290: C++ exception specification ignored except to indicate a function is not __declspec(nothrow)
c:\users\tolmans\desktop\cs 235\maze\maze\queue.h(54): warning C4290: C++ exception specification ignored except to indicate a function is not __declspec(nothrow)
c:\users\tolmans\desktop\cs 235\maze\maze\queue.h(59): warning C4290: C++ exception specification ignored except to indicate a function is not __declspec(nothrow)
c:\users\tolmans\desktop\cs 235\maze\maze\queue.h(69): warning C4290: C++ exception specification ignored except to indicate a function is not __declspec(nothrow)
c:\users\tolmans\desktop\cs 235\maze\maze\queue.h(89): warning C4290: C++ exception specification ignored except to indicate a function is not __declspec(nothrow)
c:\users\tolmans\desktop\cs 235\maze\maze\queue.h(97): warning C4290: C++ exception specification ignored except to indicate a function is not __declspec(nothrow)
c:\users\tolmans\desktop\cs 235\maze\maze\queue.h(104): warning C4290: C++ exception specification ignored except to indicate a function is not __declspec(nothrow)
c:\users\tolmans\desktop\cs 235\maze\maze\queue.h(111): warning C4290: C++ exception specification ignored except to indicate a function is not __declspec(nothrow)
c:\users\tolmans\desktop\cs 235\maze\maze\queue.h(118): warning C4290: C++ exception specification ignored except to indicate a function is not __declspec(nothrow)
c:\users\tolmans\desktop\cs 235\maze\maze\queue.h(129): warning C4290: C++ exception specification ignored except to indicate a function is not __declspec(nothrow)
c:\users\tolmans\desktop\cs 235\maze\maze\graph.h(14): warning C4290: C++ exception specification ignored except to indicate a function is not __declspec(nothrow)
c:\users\tolmans\desktop\cs 235\maze\maze\graph.h(17): warning C4290: C++ exception specification ignored except to indicate a function is not __declspec(nothrow)
  Maze.vcxproj -> C:\Users\Tolmans\Desktop\CS 235\Maze\Debug\Maze.exe
  Maze.vcxproj -> C:\Users\Tolmans\Desktop\CS 235\Maze\Debug\Maze.pdb (Partial PDB)
